This is pdfTeX, Version 3.1415926-2.4-1.40.13 (MiKTeX 2.9 64-bit) (preloaded format=pdflatex 2014.4.18)  25 JUN 2014 18:23
entering extended mode
**YWEE-presentation.tex

(C:\Users\ssd830\Documents\YWEE\Presentations\Ausarbeitung_Tobias_Schwindl\YWEE
-presentation.tex
LaTeX2e <2011/06/27>
Babel <v3.8m> and hyphenation patterns for english, afrikaans, ancientgreek, ar
abic, armenian, assamese, basque, bengali, bokmal, bulgarian, catalan, coptic, 
croatian, czech, danish, dutch, esperanto, estonian, farsi, finnish, french, ga
lician, german, german-x-2012-05-30, greek, gujarati, hindi, hungarian, iceland
ic, indonesian, interlingua, irish, italian, kannada, kurmanji, latin, latvian,
 lithuanian, malayalam, marathi, mongolian, mongolianlmc, monogreek, ngerman, n
german-x-2012-05-30, nynorsk, oriya, panjabi, pinyin, polish, portuguese, roman
ian, russian, sanskrit, serbian, slovak, slovenian, spanish, swedish, swissgerm
an, tamil, telugu, turkish, turkmen, ukenglish, ukrainian, uppersorbian, usengl
ishmax, welsh, loaded.
("E:\MiKTeX 2.9\tex\latex\beamer\base\beamer.cls"
("E:\MiKTeX 2.9\tex\latex\beamer\base\beamerbasercs.sty"
Package: beamerbasercs 2013/01/04 (rcs-revision 9a97a4eee358)
)
Document Class: beamer 2013/01/04 3.26 A class for typesetting presentations (r
cs-revision e81e0c94bcc6)
("E:\MiKTeX 2.9\tex\latex\beamer\base\beamerbasemodes.sty"
Package: beamerbasemodes 2012/04/15 (rcs-revision cc6557182d97)
\beamer@tempbox=\box26
\beamer@tempcount=\count79
\c@beamerpauses=\count80

("E:\MiKTeX 2.9\tex\latex\beamer\base\beamerbasedecode.sty"
Package: beamerbasedecode 2010/05/01 (rcs-revision efa082c6111d)
\beamer@slideinframe=\count81
\beamer@minimum=\count82
)
\beamer@commentbox=\box27
\beamer@modecount=\count83
)
("E:\MiKTeX 2.9\tex\generic\oberdiek\ifpdf.sty"
Package: ifpdf 2011/01/30 v2.3 Provides the ifpdf switch (HO)
Package ifpdf Info: pdfTeX in PDF mode is detected.
)
\headheight=\dimen102
\headdp=\dimen103
\footheight=\dimen104
\sidebarheight=\dimen105
\beamer@tempdim=\dimen106
\beamer@finalheight=\dimen107
\beamer@animht=\dimen108
\beamer@animdp=\dimen109
\beamer@animwd=\dimen110
\beamer@leftmargin=\dimen111
\beamer@rightmargin=\dimen112
\beamer@leftsidebar=\dimen113
\beamer@rightsidebar=\dimen114
\beamer@boxsize=\dimen115
\beamer@vboxoffset=\dimen116
\beamer@descdefault=\dimen117
\beamer@descriptionwidth=\dimen118
\beamer@lastskip=\skip41
\beamer@areabox=\box28
\beamer@animcurrent=\box29
\beamer@animshowbox=\box30
\beamer@sectionbox=\box31
\beamer@logobox=\box32
\beamer@linebox=\box33
\beamer@sectioncount=\count84
\beamer@subsubsectionmax=\count85
\beamer@subsectionmax=\count86
\beamer@sectionmax=\count87
\beamer@totalheads=\count88
\beamer@headcounter=\count89
\beamer@partstartpage=\count90
\beamer@sectionstartpage=\count91
\beamer@subsectionstartpage=\count92
\beamer@animationtempa=\count93
\beamer@animationtempb=\count94
\beamer@xpos=\count95
\beamer@ypos=\count96
\beamer@showpartnumber=\count97
\beamer@currentsubsection=\count98
\beamer@coveringdepth=\count99
\beamer@sectionadjust=\count100
\beamer@tocsectionnumber=\count101

("E:\MiKTeX 2.9\tex\latex\beamer\base\beamerbaseoptions.sty"
Package: beamerbaseoptions 2010/04/27 (rcs-revision 982469101dd6)

("E:\MiKTeX 2.9\tex\latex\graphics\keyval.sty"
Package: keyval 1999/03/16 v1.13 key=value parser (DPC)
\KV@toks@=\toks14
))
\beamer@paperwidth=\skip42
\beamer@paperheight=\skip43

("E:\MiKTeX 2.9\tex\latex\geometry\geometry.sty"
Package: geometry 2010/09/12 v5.6 Page Geometry

("E:\MiKTeX 2.9\tex\generic\oberdiek\ifvtex.sty"
Package: ifvtex 2010/03/01 v1.5 Detect VTeX and its facilities (HO)
Package ifvtex Info: VTeX not detected.
)
("E:\MiKTeX 2.9\tex\generic\ifxetex\ifxetex.sty"
Package: ifxetex 2010/09/12 v0.6 Provides ifxetex conditional
)
\Gm@cnth=\count102
\Gm@cntv=\count103
\c@Gm@tempcnt=\count104
\Gm@bindingoffset=\dimen119
\Gm@wd@mp=\dimen120
\Gm@odd@mp=\dimen121
\Gm@even@mp=\dimen122
\Gm@layoutwidth=\dimen123
\Gm@layoutheight=\dimen124
\Gm@layouthoffset=\dimen125
\Gm@layoutvoffset=\dimen126
\Gm@dimlist=\toks15

("E:\MiKTeX 2.9\tex\latex\geometry\geometry.cfg"))
("E:\MiKTeX 2.9\tex\latex\base\size12.clo"
File: size12.clo 2007/10/19 v1.4h Standard LaTeX file (size option)
)
("E:\MiKTeX 2.9\tex\latex\pgf\basiclayer\pgfcore.sty"
("E:\MiKTeX 2.9\tex\latex\graphics\graphicx.sty"
Package: graphicx 1999/02/16 v1.0f Enhanced LaTeX Graphics (DPC,SPQR)

("E:\MiKTeX 2.9\tex\latex\graphics\graphics.sty"
Package: graphics 2009/02/05 v1.0o Standard LaTeX Graphics (DPC,SPQR)

("E:\MiKTeX 2.9\tex\latex\graphics\trig.sty"
Package: trig 1999/03/16 v1.09 sin cos tan (DPC)
)
("E:\MiKTeX 2.9\tex\latex\00miktex\graphics.cfg"
File: graphics.cfg 2007/01/18 v1.5 graphics configuration of teTeX/TeXLive
)
Package graphics Info: Driver file: pdftex.def on input line 91.

("E:\MiKTeX 2.9\tex\latex\pdftex-def\pdftex.def"
File: pdftex.def 2011/05/27 v0.06d Graphics/color for pdfTeX

("E:\MiKTeX 2.9\tex\generic\oberdiek\infwarerr.sty"
Package: infwarerr 2010/04/08 v1.3 Providing info/warning/error messages (HO)
)
("E:\MiKTeX 2.9\tex\generic\oberdiek\ltxcmds.sty"
Package: ltxcmds 2011/11/09 v1.22 LaTeX kernel commands for general use (HO)
)
\Gread@gobject=\count105
))
\Gin@req@height=\dimen127
\Gin@req@width=\dimen128
)
("E:\MiKTeX 2.9\tex\latex\pgf\systemlayer\pgfsys.sty"
("E:\MiKTeX 2.9\tex\latex\pgf\utilities\pgfrcs.sty"
("E:\MiKTeX 2.9\tex\generic\pgf\utilities\pgfutil-common.tex"
\pgfutil@everybye=\toks16
)
("E:\MiKTeX 2.9\tex\generic\pgf\utilities\pgfutil-latex.def"
\pgfutil@abb=\box34

("E:\MiKTeX 2.9\tex\latex\ms\everyshi.sty"
Package: everyshi 2001/05/15 v3.00 EveryShipout Package (MS)
))
("E:\MiKTeX 2.9\tex\generic\pgf\utilities\pgfrcs.code.tex"
Package: pgfrcs 2010/10/25 v2.10 (rcs-revision 1.24)
))
("E:\MiKTeX 2.9\tex\generic\pgf\systemlayer\pgfsys.code.tex"
Package: pgfsys 2010/06/30 v2.10 (rcs-revision 1.37)

("E:\MiKTeX 2.9\tex\generic\pgf\utilities\pgfkeys.code.tex"
\pgfkeys@pathtoks=\toks17
\pgfkeys@temptoks=\toks18

("E:\MiKTeX 2.9\tex\generic\pgf\utilities\pgfkeysfiltered.code.tex"
\pgfkeys@tmptoks=\toks19
))
\pgf@x=\dimen129
\pgf@y=\dimen130
\pgf@xa=\dimen131
\pgf@ya=\dimen132
\pgf@xb=\dimen133
\pgf@yb=\dimen134
\pgf@xc=\dimen135
\pgf@yc=\dimen136
\w@pgf@writea=\write3
\r@pgf@reada=\read1
\c@pgf@counta=\count106
\c@pgf@countb=\count107
\c@pgf@countc=\count108
\c@pgf@countd=\count109

("E:\MiKTeX 2.9\tex\generic\pgf\systemlayer\pgf.cfg"
File: pgf.cfg 2008/05/14  (rcs-revision 1.7)
)
Package pgfsys Info: Driver file for pgf: pgfsys-pdftex.def on input line 900.

("E:\MiKTeX 2.9\tex\generic\pgf\systemlayer\pgfsys-pdftex.def"
File: pgfsys-pdftex.def 2009/05/22  (rcs-revision 1.26)

("E:\MiKTeX 2.9\tex\generic\pgf\systemlayer\pgfsys-common-pdf.def"
File: pgfsys-common-pdf.def 2008/05/19  (rcs-revision 1.10)
)))
("E:\MiKTeX 2.9\tex\generic\pgf\systemlayer\pgfsyssoftpath.code.tex"
File: pgfsyssoftpath.code.tex 2008/07/18  (rcs-revision 1.7)
\pgfsyssoftpath@smallbuffer@items=\count110
\pgfsyssoftpath@bigbuffer@items=\count111
)
("E:\MiKTeX 2.9\tex\generic\pgf\systemlayer\pgfsysprotocol.code.tex"
File: pgfsysprotocol.code.tex 2006/10/16  (rcs-revision 1.4)
))
("E:\MiKTeX 2.9\tex\latex\xcolor\xcolor.sty"
Package: xcolor 2007/01/21 v2.11 LaTeX color extensions (UK)

("E:\MiKTeX 2.9\tex\latex\00miktex\color.cfg"
File: color.cfg 2007/01/18 v1.5 color configuration of teTeX/TeXLive
)
Package xcolor Info: Driver file: pdftex.def on input line 225.
Package xcolor Info: Model `cmy' substituted by `cmy0' on input line 1337.
Package xcolor Info: Model `hsb' substituted by `rgb' on input line 1341.
Package xcolor Info: Model `RGB' extended on input line 1353.
Package xcolor Info: Model `HTML' substituted by `rgb' on input line 1355.
Package xcolor Info: Model `Hsb' substituted by `hsb' on input line 1356.
Package xcolor Info: Model `tHsb' substituted by `hsb' on input line 1357.
Package xcolor Info: Model `HSB' substituted by `hsb' on input line 1358.
Package xcolor Info: Model `Gray' substituted by `gray' on input line 1359.
Package xcolor Info: Model `wave' substituted by `hsb' on input line 1360.
)
("E:\MiKTeX 2.9\tex\generic\pgf\basiclayer\pgfcore.code.tex"
Package: pgfcore 2010/04/11 v2.10 (rcs-revision 1.7)

("E:\MiKTeX 2.9\tex\generic\pgf\math\pgfmath.code.tex"
("E:\MiKTeX 2.9\tex\generic\pgf\math\pgfmathcalc.code.tex"
("E:\MiKTeX 2.9\tex\generic\pgf\math\pgfmathutil.code.tex")
("E:\MiKTeX 2.9\tex\generic\pgf\math\pgfmathparser.code.tex"
\pgfmath@dimen=\dimen137
\pgfmath@count=\count112
\pgfmath@box=\box35
\pgfmath@toks=\toks20
\pgfmath@stack@operand=\toks21
\pgfmath@stack@operation=\toks22
)
("E:\MiKTeX 2.9\tex\generic\pgf\math\pgfmathfunctions.code.tex"
("E:\MiKTeX 2.9\tex\generic\pgf\math\pgfmathfunctions.basic.code.tex")
("E:\MiKTeX 2.9\tex\generic\pgf\math\pgfmathfunctions.trigonometric.code.tex")
("E:\MiKTeX 2.9\tex\generic\pgf\math\pgfmathfunctions.random.code.tex")
("E:\MiKTeX 2.9\tex\generic\pgf\math\pgfmathfunctions.comparison.code.tex")
("E:\MiKTeX 2.9\tex\generic\pgf\math\pgfmathfunctions.base.code.tex")
("E:\MiKTeX 2.9\tex\generic\pgf\math\pgfmathfunctions.round.code.tex")
("E:\MiKTeX 2.9\tex\generic\pgf\math\pgfmathfunctions.misc.code.tex")))
("E:\MiKTeX 2.9\tex\generic\pgf\math\pgfmathfloat.code.tex"
\c@pgfmathroundto@lastzeros=\count113
))
("E:\MiKTeX 2.9\tex\generic\pgf\basiclayer\pgfcorepoints.code.tex"
File: pgfcorepoints.code.tex 2010/04/09  (rcs-revision 1.20)
\pgf@picminx=\dimen138
\pgf@picmaxx=\dimen139
\pgf@picminy=\dimen140
\pgf@picmaxy=\dimen141
\pgf@pathminx=\dimen142
\pgf@pathmaxx=\dimen143
\pgf@pathminy=\dimen144
\pgf@pathmaxy=\dimen145
\pgf@xx=\dimen146
\pgf@xy=\dimen147
\pgf@yx=\dimen148
\pgf@yy=\dimen149
\pgf@zx=\dimen150
\pgf@zy=\dimen151
)
("E:\MiKTeX 2.9\tex\generic\pgf\basiclayer\pgfcorepathconstruct.code.tex"
File: pgfcorepathconstruct.code.tex 2010/08/03  (rcs-revision 1.24)
\pgf@path@lastx=\dimen152
\pgf@path@lasty=\dimen153
)
("E:\MiKTeX 2.9\tex\generic\pgf\basiclayer\pgfcorepathusage.code.tex"
File: pgfcorepathusage.code.tex 2008/04/22  (rcs-revision 1.12)
\pgf@shorten@end@additional=\dimen154
\pgf@shorten@start@additional=\dimen155
)
("E:\MiKTeX 2.9\tex\generic\pgf\basiclayer\pgfcorescopes.code.tex"
File: pgfcorescopes.code.tex 2010/09/08  (rcs-revision 1.34)
\pgfpic=\box36
\pgf@hbox=\box37
\pgf@layerbox@main=\box38
\pgf@picture@serial@count=\count114
)
("E:\MiKTeX 2.9\tex\generic\pgf\basiclayer\pgfcoregraphicstate.code.tex"
File: pgfcoregraphicstate.code.tex 2008/04/22  (rcs-revision 1.9)
\pgflinewidth=\dimen156
)
("E:\MiKTeX 2.9\tex\generic\pgf\basiclayer\pgfcoretransformations.code.tex"
File: pgfcoretransformations.code.tex 2009/06/10  (rcs-revision 1.11)
\pgf@pt@x=\dimen157
\pgf@pt@y=\dimen158
\pgf@pt@temp=\dimen159
)
("E:\MiKTeX 2.9\tex\generic\pgf\basiclayer\pgfcorequick.code.tex"
File: pgfcorequick.code.tex 2008/10/09  (rcs-revision 1.3)
)
("E:\MiKTeX 2.9\tex\generic\pgf\basiclayer\pgfcoreobjects.code.tex"
File: pgfcoreobjects.code.tex 2006/10/11  (rcs-revision 1.2)
)
("E:\MiKTeX 2.9\tex\generic\pgf\basiclayer\pgfcorepathprocessing.code.tex"
File: pgfcorepathprocessing.code.tex 2008/10/09  (rcs-revision 1.8)
)
("E:\MiKTeX 2.9\tex\generic\pgf\basiclayer\pgfcorearrows.code.tex"
File: pgfcorearrows.code.tex 2008/04/23  (rcs-revision 1.11)
)
("E:\MiKTeX 2.9\tex\generic\pgf\basiclayer\pgfcoreshade.code.tex"
File: pgfcoreshade.code.tex 2008/11/23  (rcs-revision 1.13)
\pgf@max=\dimen160
\pgf@sys@shading@range@num=\count115
)
("E:\MiKTeX 2.9\tex\generic\pgf\basiclayer\pgfcoreimage.code.tex"
File: pgfcoreimage.code.tex 2010/03/25  (rcs-revision 1.16)

("E:\MiKTeX 2.9\tex\generic\pgf\basiclayer\pgfcoreexternal.code.tex"
File: pgfcoreexternal.code.tex 2010/09/01  (rcs-revision 1.17)
\pgfexternal@startupbox=\box39
))
("E:\MiKTeX 2.9\tex\generic\pgf\basiclayer\pgfcorelayers.code.tex"
File: pgfcorelayers.code.tex 2010/08/27  (rcs-revision 1.2)
)
("E:\MiKTeX 2.9\tex\generic\pgf\basiclayer\pgfcoretransparency.code.tex"
File: pgfcoretransparency.code.tex 2008/01/17  (rcs-revision 1.2)
)
("E:\MiKTeX 2.9\tex\generic\pgf\basiclayer\pgfcorepatterns.code.tex"
File: pgfcorepatterns.code.tex 2009/07/02  (rcs-revision 1.3)
)))
("E:\MiKTeX 2.9\tex\latex\pgf\utilities\xxcolor.sty"
Package: xxcolor 2003/10/24 ver 0.1
\XC@nummixins=\count116
\XC@countmixins=\count117
)
("E:\MiKTeX 2.9\tex\latex\hyperref\hyperref.sty"
Package: hyperref 2012/11/06 v6.83m Hypertext links for LaTeX

("E:\MiKTeX 2.9\tex\generic\oberdiek\hobsub-hyperref.sty"
Package: hobsub-hyperref 2012/04/25 v1.12 Bundle oberdiek, subset hyperref (HO)


("E:\MiKTeX 2.9\tex\generic\oberdiek\hobsub-generic.sty"
Package: hobsub-generic 2012/04/25 v1.12 Bundle oberdiek, subset generic (HO)
Package: hobsub 2012/04/25 v1.12 Construct package bundles (HO)
Package hobsub Info: Skipping package `infwarerr' (already loaded).
Package hobsub Info: Skipping package `ltxcmds' (already loaded).
Package: ifluatex 2010/03/01 v1.3 Provides the ifluatex switch (HO)
Package ifluatex Info: LuaTeX not detected.
Package hobsub Info: Skipping package `ifvtex' (already loaded).
Package: intcalc 2007/09/27 v1.1 Expandable calculations with integers (HO)
Package hobsub Info: Skipping package `ifpdf' (already loaded).
Package: etexcmds 2011/02/16 v1.5 Avoid name clashes with e-TeX commands (HO)
Package etexcmds Info: Could not find \expanded.
(etexcmds)             That can mean that you are not using pdfTeX 1.50 or
(etexcmds)             that some package has redefined \expanded.
(etexcmds)             In the latter case, load this package earlier.
Package: kvsetkeys 2012/04/25 v1.16 Key value parser (HO)
Package: kvdefinekeys 2011/04/07 v1.3 Define keys (HO)
Package: pdftexcmds 2011/11/29 v0.20 Utility functions of pdfTeX for LuaTeX (HO
)
Package pdftexcmds Info: LuaTeX not detected.
Package pdftexcmds Info: \pdf@primitive is available.
Package pdftexcmds Info: \pdf@ifprimitive is available.
Package pdftexcmds Info: \pdfdraftmode found.
Package: pdfescape 2011/11/25 v1.13 Implements pdfTeX's escape features (HO)
Package: bigintcalc 2012/04/08 v1.3 Expandable calculations on big integers (HO
)
Package: bitset 2011/01/30 v1.1 Handle bit-vector datatype (HO)
Package: uniquecounter 2011/01/30 v1.2 Provide unlimited unique counter (HO)
)
Package hobsub Info: Skipping package `hobsub' (already loaded).
Package: letltxmacro 2010/09/02 v1.4 Let assignment for LaTeX macros (HO)
Package: hopatch 2011/06/24 v1.1 Wrapper for package hooks (HO)
Package: xcolor-patch 2011/01/30 xcolor patch
Package: atveryend 2011/06/30 v1.8 Hooks at the very end of document (HO)
Package atveryend Info: \enddocument detected (standard20110627).
Package: atbegshi 2011/10/05 v1.16 At begin shipout hook (HO)
Package: refcount 2011/10/16 v3.4 Data extraction from label references (HO)
Package: hycolor 2011/01/30 v1.7 Color options for hyperref/bookmark (HO)
)
("E:\MiKTeX 2.9\tex\latex\oberdiek\auxhook.sty"
Package: auxhook 2011/03/04 v1.3 Hooks for auxiliary files (HO)
)
("E:\MiKTeX 2.9\tex\latex\oberdiek\kvoptions.sty"
Package: kvoptions 2011/06/30 v3.11 Key value format for package options (HO)
)
\@linkdim=\dimen161
\Hy@linkcounter=\count118
\Hy@pagecounter=\count119

("E:\MiKTeX 2.9\tex\latex\hyperref\pd1enc.def"
File: pd1enc.def 2012/11/06 v6.83m Hyperref: PDFDocEncoding definition (HO)
)
\Hy@SavedSpaceFactor=\count120

("E:\MiKTeX 2.9\tex\latex\00miktex\hyperref.cfg"
File: hyperref.cfg 2002/06/06 v1.2 hyperref configuration of TeXLive
)
Package hyperref Info: Option `bookmarks' set `true' on input line 4319.
Package hyperref Info: Option `bookmarksopen' set `true' on input line 4319.
Package hyperref Info: Option `implicit' set `false' on input line 4319.
Package hyperref Info: Hyper figures OFF on input line 4443.
Package hyperref Info: Link nesting OFF on input line 4448.
Package hyperref Info: Hyper index ON on input line 4451.
Package hyperref Info: Plain pages OFF on input line 4458.
Package hyperref Info: Backreferencing OFF on input line 4463.
Package hyperref Info: Implicit mode OFF; no redefinition of LaTeX internals.
Package hyperref Info: Bookmarks ON on input line 4688.
\c@Hy@tempcnt=\count121

("E:\MiKTeX 2.9\tex\latex\ltxmisc\url.sty"
\Urlmuskip=\muskip10
Package: url 2006/04/12  ver 3.3  Verb mode for urls, etc.
)
LaTeX Info: Redefining \url on input line 5041.
\XeTeXLinkMargin=\dimen162
\Fld@menulength=\count122
\Field@Width=\dimen163
\Fld@charsize=\dimen164
Package hyperref Info: Hyper figures OFF on input line 6295.
Package hyperref Info: Link nesting OFF on input line 6300.
Package hyperref Info: Hyper index ON on input line 6303.
Package hyperref Info: backreferencing OFF on input line 6310.
Package hyperref Info: Link coloring OFF on input line 6315.
Package hyperref Info: Link coloring with OCG OFF on input line 6320.
Package hyperref Info: PDF/A mode OFF on input line 6325.
LaTeX Info: Redefining \ref on input line 6365.
LaTeX Info: Redefining \pageref on input line 6369.
\Hy@abspage=\count123


Package hyperref Message: Stopped early.

)

Package hyperref Message: Driver (autodetected): hpdftex.

("E:\MiKTeX 2.9\tex\latex\hyperref\hpdftex.def"
File: hpdftex.def 2012/11/06 v6.83m Hyperref driver for pdfTeX
\Fld@listcount=\count124
\c@bookmark@seq@number=\count125

("E:\MiKTeX 2.9\tex\latex\oberdiek\rerunfilecheck.sty"
Package: rerunfilecheck 2011/04/15 v1.7 Rerun checks for auxiliary files (HO)
Package uniquecounter Info: New unique counter `rerunfilecheck' on input line 2
82.
))
("E:\MiKTeX 2.9\tex\latex\beamer\base\beamerbaserequires.sty"
Package: beamerbaserequires 2010/05/01  (rcs-revision efa082c6111d)

("E:\MiKTeX 2.9\tex\latex\beamer\base\beamerbasecompatibility.sty"
Package: beamerbasecompatibility 2012/05/01  (rcs-revision 67c48b3b652d)
)
("E:\MiKTeX 2.9\tex\latex\beamer\base\beamerbasefont.sty"
Package: beamerbasefont 2012/09/19  (rcs-revision 733629cd0c6c)

("E:\MiKTeX 2.9\tex\latex\amsfonts\amssymb.sty"
Package: amssymb 2013/01/14 v3.01 AMS font symbols

("E:\MiKTeX 2.9\tex\latex\amsfonts\amsfonts.sty"
Package: amsfonts 2013/01/14 v3.01 Basic AMSFonts support
\@emptytoks=\toks23
\symAMSa=\mathgroup4
\symAMSb=\mathgroup5
LaTeX Font Info:    Overwriting math alphabet `\mathfrak' in version `bold'
(Font)                  U/euf/m/n --> U/euf/b/n on input line 106.
)))
("E:\MiKTeX 2.9\tex\latex\beamer\base\beamerbasetranslator.sty"
Package: beamerbasetranslator 2010/06/11  (rcs-revision 85fd1cc7fc42)

("E:\MiKTeX 2.9\tex\latex\beamer\base\translator\translator.sty"
Package: translator 2010/06/12 ver 1.10

("E:\MiKTeX 2.9\tex\latex\beamer\base\translator\translator-language-mappings.t
ex"))) ("E:\MiKTeX 2.9\tex\latex\beamer\base\beamerbasemisc.sty"
Package: beamerbasemisc 2012/02/24  (rcs-revision 2ff5461be705)
)
("E:\MiKTeX 2.9\tex\latex\beamer\base\beamerbasetwoscreens.sty"
Package: beamerbasetwoscreens 2010/05/01  (rcs-revision efa082c6111d)
)
("E:\MiKTeX 2.9\tex\latex\beamer\base\beamerbaseoverlay.sty"
Package: beamerbaseoverlay 2012/11/11  (rcs-revision 6afbc49b1109)
\beamer@argscount=\count126
\beamer@lastskipcover=\skip44
\beamer@trivlistdepth=\count127
)
("E:\MiKTeX 2.9\tex\latex\beamer\base\beamerbasetitle.sty"
Package: beamerbasetitle 2010/09/21  (rcs-revision f0446ed0b6ae)
)
("E:\MiKTeX 2.9\tex\latex\beamer\base\beamerbasesection.sty"
Package: beamerbasesection 2013/01/04  (rcs-revision 54309ceef997)
\c@lecture=\count128
\c@part=\count129
\c@section=\count130
\c@subsection=\count131
\c@subsubsection=\count132
)
("E:\MiKTeX 2.9\tex\latex\beamer\base\beamerbaseframe.sty"
Package: beamerbaseframe 2012/12/26  (rcs-revision 1443917db2cf)
\beamer@framebox=\box40
\beamer@frametitlebox=\box41
\beamer@zoombox=\box42
\beamer@zoomcount=\count133
\beamer@zoomframecount=\count134
\beamer@frametextheight=\dimen165
\c@subsectionslide=\count135
\beamer@frametopskip=\skip45
\beamer@framebottomskip=\skip46
\beamer@frametopskipautobreak=\skip47
\beamer@framebottomskipautobreak=\skip48
\beamer@envbody=\toks24
\framewidth=\dimen166
\c@framenumber=\count136
)
("E:\MiKTeX 2.9\tex\latex\beamer\base\beamerbaseverbatim.sty"
Package: beamerbaseverbatim 2012/08/30  (rcs-revision dfdb135076b3)
\beamer@verbatimfileout=\write4
)
("E:\MiKTeX 2.9\tex\latex\beamer\base\beamerbaseframesize.sty"
Package: beamerbaseframesize 2011/09/12  (rcs-revision 70f9d8411e54)
\beamer@splitbox=\box43
\beamer@autobreakcount=\count137
\beamer@autobreaklastheight=\dimen167
\beamer@frametitletoks=\toks25
\beamer@framesubtitletoks=\toks26
)
("E:\MiKTeX 2.9\tex\latex\beamer\base\beamerbaseframecomponents.sty"
Package: beamerbaseframecomponents 2012/09/13  (rcs-revision dcd846607320)
\beamer@footins=\box44
)
("E:\MiKTeX 2.9\tex\latex\beamer\base\beamerbasecolor.sty"
Package: beamerbasecolor 2010/06/06  (rcs-revision d1a9b48be06d)
)
("E:\MiKTeX 2.9\tex\latex\beamer\base\beamerbasenotes.sty"
Package: beamerbasenotes 2012/12/19  (rcs-revision 1686da3db3c9)
\beamer@frameboxcopy=\box45
)
("E:\MiKTeX 2.9\tex\latex\beamer\base\beamerbasetoc.sty"
Package: beamerbasetoc 2012/10/02  (rcs-revision 5ed0f4010e8a)
)
("E:\MiKTeX 2.9\tex\latex\beamer\base\beamerbasetemplates.sty"
Package: beamerbasetemplates 2010/05/01  (rcs-revision efa082c6111d)
\beamer@sbttoks=\toks27

("E:\MiKTeX 2.9\tex\latex\beamer\base\beamerbaseauxtemplates.sty"
Package: beamerbaseauxtemplates 2012/05/01  (rcs-revision 67c48b3b652d)

("E:\MiKTeX 2.9\tex\latex\beamer\base\beamerbaseboxes.sty"
Package: beamerbaseboxes 2012/05/13  (rcs-revision 56972908a390)
\bmb@box=\box46
\bmb@colorbox=\box47
\bmb@boxshadow=\box48
\bmb@boxshadowball=\box49
\bmb@boxshadowballlarge=\box50
\bmb@temp=\dimen168
\bmb@dima=\dimen169
\bmb@dimb=\dimen170
\bmb@prevheight=\dimen171
)
\beamer@blockheadheight=\dimen172
))
("E:\MiKTeX 2.9\tex\latex\beamer\base\beamerbaselocalstructure.sty"
Package: beamerbaselocalstructure 2012/11/13  (rcs-revision ddfba79dac19)

("E:\MiKTeX 2.9\tex\latex\tools\enumerate.sty"
Package: enumerate 1999/03/05 v3.00 enumerate extensions (DPC)
\@enLab=\toks28
)
\c@figure=\count138
\c@table=\count139
\abovecaptionskip=\skip49
\belowcaptionskip=\skip50
)
("E:\MiKTeX 2.9\tex\latex\beamer\base\beamerbasenavigation.sty"
Package: beamerbasenavigation 2012/04/03  (rcs-revision 42a0f21a412d)
\beamer@section@min@dim=\dimen173
)
("E:\MiKTeX 2.9\tex\latex\beamer\base\beamerbasetheorems.sty"
Package: beamerbasetheorems 2010/06/06  (rcs-revision 7e7cc5e53e9d)

("E:\MiKTeX 2.9\tex\latex\amsmath\amsmath.sty"
Package: amsmath 2013/01/14 v2.14 AMS math features
\@mathmargin=\skip51

For additional information on amsmath, use the `?' option.
("E:\MiKTeX 2.9\tex\latex\amsmath\amstext.sty"
Package: amstext 2000/06/29 v2.01

("E:\MiKTeX 2.9\tex\latex\amsmath\amsgen.sty"
File: amsgen.sty 1999/11/30 v2.0
\@emptytoks=\toks29
\ex@=\dimen174
))
("E:\MiKTeX 2.9\tex\latex\amsmath\amsbsy.sty"
Package: amsbsy 1999/11/29 v1.2d
\pmbraise@=\dimen175
)
("E:\MiKTeX 2.9\tex\latex\amsmath\amsopn.sty"
Package: amsopn 1999/12/14 v2.01 operator names
)
\inf@bad=\count140
LaTeX Info: Redefining \frac on input line 210.
\uproot@=\count141
\leftroot@=\count142
LaTeX Info: Redefining \overline on input line 306.
\classnum@=\count143
\DOTSCASE@=\count144
LaTeX Info: Redefining \ldots on input line 378.
LaTeX Info: Redefining \dots on input line 381.
LaTeX Info: Redefining \cdots on input line 466.
\Mathstrutbox@=\box51
\strutbox@=\box52
\big@size=\dimen176
LaTeX Font Info:    Redeclaring font encoding OML on input line 566.
LaTeX Font Info:    Redeclaring font encoding OMS on input line 567.
\macc@depth=\count145
\c@MaxMatrixCols=\count146
\dotsspace@=\muskip11
\c@parentequation=\count147
\dspbrk@lvl=\count148
\tag@help=\toks30
\row@=\count149
\column@=\count150
\maxfields@=\count151
\andhelp@=\toks31
\eqnshift@=\dimen177
\alignsep@=\dimen178
\tagshift@=\dimen179
\tagwidth@=\dimen180
\totwidth@=\dimen181
\lineht@=\dimen182
\@envbody=\toks32
\multlinegap=\skip52
\multlinetaggap=\skip53
\mathdisplay@stack=\toks33
LaTeX Info: Redefining \[ on input line 2665.
LaTeX Info: Redefining \] on input line 2666.
)
("E:\MiKTeX 2.9\tex\latex\amscls\amsthm.sty"
Package: amsthm 2004/08/06 v2.20
\thm@style=\toks34
\thm@bodyfont=\toks35
\thm@headfont=\toks36
\thm@notefont=\toks37
\thm@headpunct=\toks38
\thm@preskip=\skip54
\thm@postskip=\skip55
\thm@headsep=\skip56
\dth@everypar=\toks39
)
\c@theorem=\count152
)
("E:\MiKTeX 2.9\tex\latex\beamer\base\beamerbasethemes.sty"
Package: beamerbasethemes 2010/05/01  (rcs-revision efa082c6111d)
))
("E:\MiKTeX 2.9\tex\latex\beamer\base\themes\theme\beamerthemedefault.sty"
Package: beamerthemedefault 2010/06/17  (rcs-revision d02a7cf4d8ae)

("E:\MiKTeX 2.9\tex\latex\beamer\base\themes\font\beamerfontthemedefault.sty"
Package: beamerfontthemedefault 2012/12/19  (rcs-revision 1686da3db3c9)
)
("E:\MiKTeX 2.9\tex\latex\beamer\base\themes\color\beamercolorthemedefault.sty"
Package: beamercolorthemedefault 2012/12/19  (rcs-revision 1686da3db3c9)
) ("E:\MiKTeX 2.9\tex\latex\beamer\base\themes\inner\beamerinnerthemedefault.st
y"
Package: beamerinnerthemedefault 2012/05/01  (rcs-revision 67c48b3b652d)
\beamer@dima=\dimen183
\beamer@dimb=\dimen184
)
("E:\MiKTeX 2.9\tex\latex\beamer\base\themes\outer\beamerouterthemedefault.sty"
Package: beamerouterthemedefault 2012/12/19  (rcs-revision 1686da3db3c9)
)))
(C:\Users\ssd830\Documents\YWEE\Presentations\Ausarbeitung_Tobias_Schwindl\beam
erthemeAir.sty
("E:\MiKTeX 2.9\tex\latex\beamer\base\themes\theme\beamerthemeRochester.sty"
Package: beamerthemeRochester 2010/06/17  (rcs-revision d02a7cf4d8ae)

("E:\MiKTeX 2.9\tex\latex\beamer\base\themes\outer\beamerouterthemesidebar.sty"
Package: beamerouterthemesidebar 2010/06/17  (rcs-revision d02a7cf4d8ae)
\beamer@sidebarwidth=\dimen185
\beamer@headheight=\dimen186
)
("E:\MiKTeX 2.9\tex\latex\beamer\base\themes\inner\beamerinnerthemerectangles.s
ty"
Package: beamerinnerthemerectangles 2010/06/17  (rcs-revision d02a7cf4d8ae)
)
("E:\MiKTeX 2.9\tex\latex\beamer\base\themes\color\beamercolorthemewhale.sty"
Package: beamercolorthemewhale 2010/06/17  (rcs-revision d02a7cf4d8ae)
)
("E:\MiKTeX 2.9\tex\latex\beamer\base\themes\color\beamercolorthemeorchid.sty"
Package: beamercolorthemeorchid 2010/06/17  (rcs-revision d02a7cf4d8ae)
)) ("E:\MiKTeX 2.9\tex\latex\pgf\basiclayer\pgf.sty"
Package: pgf 2008/01/15 v2.10 (rcs-revision 1.12)

("E:\MiKTeX 2.9\tex\generic\pgf\modules\pgfmoduleshapes.code.tex"
File: pgfmoduleshapes.code.tex 2010/09/09  (rcs-revision 1.13)
\pgfnodeparttextbox=\box53
)
("E:\MiKTeX 2.9\tex\generic\pgf\modules\pgfmoduleplot.code.tex"
File: pgfmoduleplot.code.tex 2010/10/22  (rcs-revision 1.8)
)
("E:\MiKTeX 2.9\tex\latex\pgf\compatibility\pgfcomp-version-0-65.sty"
Package: pgfcomp-version-0-65 2007/07/03 v2.10 (rcs-revision 1.7)
\pgf@nodesepstart=\dimen187
\pgf@nodesepend=\dimen188
)
("E:\MiKTeX 2.9\tex\latex\pgf\compatibility\pgfcomp-version-1-18.sty"
Package: pgfcomp-version-1-18 2007/07/23 v2.10 (rcs-revision 1.1)
))
("E:\MiKTeX 2.9\tex\latex\beamer\base\themes\color\beamercolorthemestructure.st
y"
Package: beamercolorthemestructure 2010/06/17  (rcs-revision d02a7cf4d8ae)
)) ("E:\MiKTeX 2.9\tex\latex\wasysym\wasysym.sty"
Package: wasysym 2003/10/30 v2.0 Wasy-2 symbol support package
\symwasy=\mathgroup6
LaTeX Font Info:    Overwriting symbol font `wasy' in version `bold'
(Font)                  U/wasy/m/n --> U/wasy/b/n on input line 90.
)
("E:\MiKTeX 2.9\tex\latex\base\inputenc.sty"
Package: inputenc 2008/03/30 v1.1d Input encoding file
\inpenc@prehook=\toks40
\inpenc@posthook=\toks41

("E:\MiKTeX 2.9\tex\latex\ucs\utf8x.def"
File: utf8x.def 2004/10/17 UCS: Input encoding UTF-8
)) ("E:\MiKTeX 2.9\tex\latex\ucs\ucs.sty"
Package: ucs 2013/05/11 v2.2 UCS: Unicode input support
 ("E:\MiKTeX 2.9\tex\latex\ucs\uni-global.def"
File: uni-global.def 2013/05/13 UCS: Unicode global data
)
\uc@secondtry=\count153
\uc@combtoks=\toks42
\uc@combtoksb=\toks43
\uc@temptokena=\toks44
)
("E:\MiKTeX 2.9\tex\generic\babel\babel.sty"
Package: babel 2008/07/08 v3.8m The Babel package

*************************************
* Local config file bblopts.cfg used
*
("E:\MiKTeX 2.9\tex\latex\00miktex\bblopts.cfg"
File: bblopts.cfg 2006/07/31 v1.0 MiKTeX 'babel' configuration
)
("E:\MiKTeX 2.9\tex\generic\babel\ngermanb.ldf"
Language: ngermanb 2008/07/06 v2.6n new German support from the babel system

("E:\MiKTeX 2.9\tex\generic\babel\babel.def"
File: babel.def 2008/07/08 v3.8m Babel common definitions
LaTeX Info: Redefining \textlatin on input line 82.
\babel@savecnt=\count154
\U@D=\dimen189
)
\l@naustrian = a dialect from \language\l@ngerman 
Package babel Info: Making " an active character on input line 92.
))
("E:\MiKTeX 2.9\tex\latex\tools\verbatim.sty"
Package: verbatim 2003/08/22 v1.5q LaTeX2e package for verbatim enhancements
\every@verbatim=\toks45
\verbatim@line=\toks46
\verbatim@in@stream=\read2
)
("E:\MiKTeX 2.9\tex\latex\listings\listings.sty"
\lst@mode=\count155
\lst@gtempboxa=\box54
\lst@token=\toks47
\lst@length=\count156
\lst@currlwidth=\dimen190
\lst@column=\count157
\lst@pos=\count158
\lst@lostspace=\dimen191
\lst@width=\dimen192
\lst@newlines=\count159
\lst@lineno=\count160
\lst@maxwidth=\dimen193

("E:\MiKTeX 2.9\tex\latex\listings\lstmisc.sty"
File: lstmisc.sty 2007/02/22 1.4 (Carsten Heinz)
\c@lstnumber=\count161
\lst@skipnumbers=\count162
\lst@framebox=\box55
)
("E:\MiKTeX 2.9\tex\latex\listings\listings.cfg"
File: listings.cfg 2007/02/22 1.4 listings configuration
))
Package: listings 2007/02/22 1.4 (Carsten Heinz)

("E:\MiKTeX 2.9\tex\latex\tools\multicol.sty"
Package: multicol 2011/06/27 v1.7a multicolumn formatting (FMi)
\c@tracingmulticols=\count163
\mult@box=\box56
\multicol@leftmargin=\dimen194
\c@unbalance=\count164
\c@collectmore=\count165
\doublecol@number=\count166
\multicoltolerance=\count167
\multicolpretolerance=\count168
\full@width=\dimen195
\page@free=\dimen196
\premulticols=\dimen197
\postmulticols=\dimen198
\multicolsep=\skip57
\multicolbaselineskip=\skip58
\partial@page=\box57
\last@line=\box58
\mult@rightbox=\box59
\mult@grightbox=\box60
\mult@gfirstbox=\box61
\mult@firstbox=\box62
\@tempa=\box63
\@tempa=\box64
\@tempa=\box65
\@tempa=\box66
\@tempa=\box67
\@tempa=\box68
\@tempa=\box69
\@tempa=\box70
\@tempa=\box71
\@tempa=\box72
\@tempa=\box73
\@tempa=\box74
\@tempa=\box75
\@tempa=\box76
\@tempa=\box77
\@tempa=\box78
\@tempa=\box79
\c@columnbadness=\count169
\c@finalcolumnbadness=\count170
\last@try=\dimen199
\multicolovershoot=\dimen200
\multicolundershoot=\dimen201
\mult@nat@firstbox=\box80
\colbreak@box=\box81
\multicol@sort@counter=\count171
)
("E:\MiKTeX 2.9\tex\latex\ucs\uni-0.def"
File: uni-0.def 2013/05/13 UCS: Unicode data U+0000..U+00FF
)
(C:\Users\ssd830\Documents\YWEE\Presentations\Ausarbeitung_Tobias_Schwindl\YWEE
-presentation.aux
(C:\Users\ssd830\Documents\YWEE\Presentations\Ausarbeitung_Tobias_Schwindl\chap
ters\1_Einleitung.aux)
(C:\Users\ssd830\Documents\YWEE\Presentations\Ausarbeitung_Tobias_Schwindl\chap
ters\2_SRA.aux)
(C:\Users\ssd830\Documents\YWEE\Presentations\Ausarbeitung_Tobias_Schwindl\chap
ters\3_SAD.aux)
(C:\Users\ssd830\Documents\YWEE\Presentations\Ausarbeitung_Tobias_Schwindl\chap
ters\4_Implementierung.aux))
LaTeX Font Info:    Checking defaults for OML/cmm/m/it on input line 29.
LaTeX Font Info:    ... okay on input line 29.
LaTeX Font Info:    Checking defaults for T1/cmr/m/n on input line 29.
LaTeX Font Info:    ... okay on input line 29.
LaTeX Font Info:    Checking defaults for OT1/cmr/m/n on input line 29.
LaTeX Font Info:    ... okay on input line 29.
LaTeX Font Info:    Checking defaults for OMS/cmsy/m/n on input line 29.
LaTeX Font Info:    ... okay on input line 29.
LaTeX Font Info:    Checking defaults for OMX/cmex/m/n on input line 29.
LaTeX Font Info:    ... okay on input line 29.
LaTeX Font Info:    Checking defaults for U/cmr/m/n on input line 29.
LaTeX Font Info:    ... okay on input line 29.
LaTeX Font Info:    Checking defaults for PD1/pdf/m/n on input line 29.
LaTeX Font Info:    ... okay on input line 29.

*geometry* driver: auto-detecting
*geometry* detected driver: pdftex
*geometry* verbose mode - [ preamble ] result:
* driver: pdftex
* paper: custom
* layout: <same size as paper>
* layoutoffset:(h,v)=(0.0pt,0.0pt)
* modes: includehead includefoot 
* h-part:(L,W,R)=(28.45274pt, 307.28987pt, 28.45274pt)
* v-part:(T,H,B)=(0.0pt, 273.14662pt, 0.0pt)
* \paperwidth=364.19536pt
* \paperheight=273.14662pt
* \textwidth=307.28987pt
* \textheight=244.6939pt
* \oddsidemargin=-43.81725pt
* \evensidemargin=-43.81725pt
* \topmargin=-72.26999pt
* \headheight=14.22636pt
* \headsep=0.0pt
* \topskip=12.0pt
* \footskip=14.22636pt
* \marginparwidth=4.0pt
* \marginparsep=10.0pt
* \columnsep=10.0pt
* \skip\footins=10.8pt plus 4.0pt minus 2.0pt
* \hoffset=0.0pt
* \voffset=0.0pt
* \mag=1000
* \@twocolumnfalse
* \@twosidefalse
* \@mparswitchfalse
* \@reversemarginfalse
* (1in=72.27pt=25.4mm, 1cm=28.453pt)

("E:\MiKTeX 2.9\tex\context\base\supp-pdf.mkii"
[Loading MPS to PDF converter (version 2006.09.02).]
\scratchcounter=\count172
\scratchdimen=\dimen202
\scratchbox=\box82
\nofMPsegments=\count173
\nofMParguments=\count174
\everyMPshowfont=\toks48
\MPscratchCnt=\count175
\MPscratchDim=\dimen203
\MPnumerator=\count176
\makeMPintoPDFobject=\count177
\everyMPtoPDFconversion=\toks49
) ABD: EveryShipout initializing macros
\AtBeginShipoutBox=\box83
Package hyperref Info: Link coloring OFF on input line 29.

("E:\MiKTeX 2.9\tex\latex\hyperref\nameref.sty"
Package: nameref 2012/10/27 v2.43 Cross-referencing by name of section

("E:\MiKTeX 2.9\tex\generic\oberdiek\gettitlestring.sty"
Package: gettitlestring 2010/12/03 v1.4 Cleanup title references (HO)
)
\c@section@level=\count178
)
LaTeX Info: Redefining \ref on input line 29.
LaTeX Info: Redefining \pageref on input line 29.
LaTeX Info: Redefining \nameref on input line 29.

(C:\Users\ssd830\Documents\YWEE\Presentations\Ausarbeitung_Tobias_Schwindl\YWEE
-presentation.out)
(C:\Users\ssd830\Documents\YWEE\Presentations\Ausarbeitung_Tobias_Schwindl\YWEE
-presentation.out)
\@outlinefile=\write5
LaTeX Font Info:    Overwriting symbol font `operators' in version `normal'
(Font)                  OT1/cmr/m/n --> OT1/cmss/m/n on input line 29.
LaTeX Font Info:    Overwriting symbol font `operators' in version `bold'
(Font)                  OT1/cmr/bx/n --> OT1/cmss/bx/n on input line 29.
\symnumbers=\mathgroup7
\sympureletters=\mathgroup8
LaTeX Font Info:    Overwriting math alphabet `\mathrm' in version `normal'
(Font)                  OT1/cmss/m/n --> OT1/cmr/m/n on input line 29.
LaTeX Font Info:    Redeclaring math alphabet \mathbf on input line 29.
LaTeX Font Info:    Overwriting math alphabet `\mathbf' in version `normal'
(Font)                  OT1/cmr/bx/n --> OT1/cmss/bx/n on input line 29.
LaTeX Font Info:    Overwriting math alphabet `\mathbf' in version `bold'
(Font)                  OT1/cmr/bx/n --> OT1/cmss/bx/n on input line 29.
LaTeX Font Info:    Redeclaring math alphabet \mathsf on input line 29.
LaTeX Font Info:    Overwriting math alphabet `\mathsf' in version `normal'
(Font)                  OT1/cmss/m/n --> OT1/cmss/m/n on input line 29.
LaTeX Font Info:    Overwriting math alphabet `\mathsf' in version `bold'
(Font)                  OT1/cmss/bx/n --> OT1/cmss/m/n on input line 29.
LaTeX Font Info:    Redeclaring math alphabet \mathit on input line 29.
LaTeX Font Info:    Overwriting math alphabet `\mathit' in version `normal'
(Font)                  OT1/cmr/m/it --> OT1/cmss/m/it on input line 29.
LaTeX Font Info:    Overwriting math alphabet `\mathit' in version `bold'
(Font)                  OT1/cmr/bx/it --> OT1/cmss/m/it on input line 29.
LaTeX Font Info:    Redeclaring math alphabet \mathtt on input line 29.
LaTeX Font Info:    Overwriting math alphabet `\mathtt' in version `normal'
(Font)                  OT1/cmtt/m/n --> OT1/cmtt/m/n on input line 29.
LaTeX Font Info:    Overwriting math alphabet `\mathtt' in version `bold'
(Font)                  OT1/cmtt/m/n --> OT1/cmtt/m/n on input line 29.
LaTeX Font Info:    Overwriting symbol font `numbers' in version `bold'
(Font)                  OT1/cmss/m/n --> OT1/cmss/bx/n on input line 29.
LaTeX Font Info:    Overwriting symbol font `pureletters' in version `bold'
(Font)                  OT1/cmss/m/it --> OT1/cmss/bx/it on input line 29.
LaTeX Font Info:    Overwriting math alphabet `\mathrm' in version `bold'
(Font)                  OT1/cmss/bx/n --> OT1/cmr/bx/n on input line 29.
LaTeX Font Info:    Overwriting math alphabet `\mathbf' in version `bold'
(Font)                  OT1/cmss/bx/n --> OT1/cmss/bx/n on input line 29.
LaTeX Font Info:    Overwriting math alphabet `\mathsf' in version `bold'
(Font)                  OT1/cmss/m/n --> OT1/cmss/bx/n on input line 29.
LaTeX Font Info:    Overwriting math alphabet `\mathit' in version `bold'
(Font)                  OT1/cmss/m/it --> OT1/cmss/bx/it on input line 29.
LaTeX Font Info:    Overwriting math alphabet `\mathtt' in version `bold'
(Font)                  OT1/cmtt/m/n --> OT1/cmtt/bx/n on input line 29.

("E:\MiKTeX 2.9\tex\latex\beamer\base\translator\dicts\translator-basic-diction
ary\translator-basic-dictionary-English.dict"
Dictionary: translator-basic-dictionary, Language: English 
)
("E:\MiKTeX 2.9\tex\latex\beamer\base\translator\dicts\translator-bibliography-
dictionary\translator-bibliography-dictionary-English.dict"
Dictionary: translator-bibliography-dictionary, Language: English 
)
("E:\MiKTeX 2.9\tex\latex\beamer\base\translator\dicts\translator-environment-d
ictionary\translator-environment-dictionary-English.dict"
Dictionary: translator-environment-dictionary, Language: English 
)
("E:\MiKTeX 2.9\tex\latex\beamer\base\translator\dicts\translator-months-dictio
nary\translator-months-dictionary-English.dict"
Dictionary: translator-months-dictionary, Language: English 
)
("E:\MiKTeX 2.9\tex\latex\beamer\base\translator\dicts\translator-numbers-dicti
onary\translator-numbers-dictionary-English.dict"
Dictionary: translator-numbers-dictionary, Language: English 
)
("E:\MiKTeX 2.9\tex\latex\beamer\base\translator\dicts\translator-theorem-dicti
onary\translator-theorem-dictionary-English.dict"
Dictionary: translator-theorem-dictionary, Language: English 
)
LaTeX Info: Redefining \includegraphics on input line 29.

("E:\MiKTeX 2.9\tex\latex\ucs\ucsencs.def"
File: ucsencs.def 2011/01/21 Fixes to fontencodings LGR, T3
)
\c@lstlisting=\count179

(C:\Users\ssd830\Documents\YWEE\Presentations\Ausarbeitung_Tobias_Schwindl\YWEE
-presentation.nav)
Overfull \hbox (251.31688pt too wide) detected at line 29
  [] [] [] [] [] [] [] 
 []


Overfull \hbox (57.59642pt too wide) detected at line 29
[]   [] [] 
 []


Overfull \hbox (251.31688pt too wide) has occurred while \output is active
  [] [] [] [] [] [] [] 
 []


Overfull \hbox (57.59642pt too wide) has occurred while \output is active
[]   [] [] 
 []

[1{C:/ProgramData/MiKTeX/2.9/pdftex/config/pdftex.map}

 <C:/Users/ssd830/Documents/YWEE/Presentations/Ausarbeitung_Tobias_Schwindl/wee
-header.png>]
(C:\Users\ssd830\Documents\YWEE\Presentations\Ausarbeitung_Tobias_Schwindl\YWEE
-presentation.toc)
Overfull \hbox (251.31688pt too wide) has occurred while \output is active
  [] [] [] [] [] [] [] 
 []


Overfull \hbox (57.59642pt too wide) has occurred while \output is active
[]   [] [] 
 []

[2

]
(C:\Users\ssd830\Documents\YWEE\Presentations\Ausarbeitung_Tobias_Schwindl\chap
ters\1_Einleitung.tex
(C:\Users\ssd830\Documents\YWEE\Presentations\Ausarbeitung_Tobias_Schwindl\YWEE
-presentation.toc)
Overfull \hbox (251.31688pt too wide) has occurred while \output is active
  [] [] [] [] [] [] [] 
 []


Overfull \hbox (57.59642pt too wide) has occurred while \output is active
[]   [] [] 
 []

[3


]
Overfull \hbox (251.31688pt too wide) has occurred while \output is active
  [] [] [] [] [] [] [] 
 []


Overfull \hbox (57.59642pt too wide) has occurred while \output is active
[]   [] [] 
 []

[4

])
(C:\Users\ssd830\Documents\YWEE\Presentations\Ausarbeitung_Tobias_Schwindl\chap
ters\2_SRA.tex
(C:\Users\ssd830\Documents\YWEE\Presentations\Ausarbeitung_Tobias_Schwindl\YWEE
-presentation.toc)
Overfull \hbox (251.31688pt too wide) has occurred while \output is active
  [] [] [] [] [] [] [] 
 []


Overfull \hbox (146.40982pt too wide) has occurred while \output is active
[]   [] [] [] [] 
 []


Overfull \vbox (1.99998pt too high) has occurred while \output is active []


[5



]
Overfull \hbox (251.31688pt too wide) has occurred while \output is active
  [] [] [] [] [] [] [] 
 []


Overfull \hbox (146.40982pt too wide) has occurred while \output is active
[]   [] [] [] [] 
 []


Overfull \vbox (1.99998pt too high) has occurred while \output is active []


[6

]
Overfull \hbox (251.31688pt too wide) has occurred while \output is active
  [] [] [] [] [] [] [] 
 []


Overfull \hbox (146.40982pt too wide) has occurred while \output is active
[]   [] [] [] [] 
 []


Overfull \vbox (1.99998pt too high) has occurred while \output is active []


[7

]
Overfull \hbox (251.31688pt too wide) has occurred while \output is active
  [] [] [] [] [] [] [] 
 []


Overfull \hbox (146.40982pt too wide) has occurred while \output is active
[]   [] [] [] [] 
 []


Overfull \vbox (1.99998pt too high) has occurred while \output is active []


[8

])
(C:\Users\ssd830\Documents\YWEE\Presentations\Ausarbeitung_Tobias_Schwindl\chap
ters\3_SAD.tex
(C:\Users\ssd830\Documents\YWEE\Presentations\Ausarbeitung_Tobias_Schwindl\YWEE
-presentation.toc)
Overfull \hbox (251.31688pt too wide) has occurred while \output is active
  [] [] [] [] [] [] [] 
 []


Overfull \hbox (148.77647pt too wide) has occurred while \output is active
[]   [] [] [] [] 
 []


Overfull \vbox (1.99998pt too high) has occurred while \output is active []


[9



]
Overfull \hbox (251.31688pt too wide) has occurred while \output is active
  [] [] [] [] [] [] [] 
 []


Overfull \hbox (148.77647pt too wide) has occurred while \output is active
[]   [] [] [] [] 
 []


Overfull \vbox (1.99998pt too high) has occurred while \output is active []


[10

]
Overfull \hbox (251.31688pt too wide) has occurred while \output is active
  [] [] [] [] [] [] [] 
 []


Overfull \hbox (148.77647pt too wide) has occurred while \output is active
[]   [] [] [] [] 
 []


Overfull \vbox (1.99998pt too high) has occurred while \output is active []


[11

]
Overfull \hbox (251.31688pt too wide) has occurred while \output is active
  [] [] [] [] [] [] [] 
 []


Overfull \hbox (148.77647pt too wide) has occurred while \output is active
[]   [] [] [] [] 
 []


Overfull \vbox (1.99998pt too high) has occurred while \output is active []


[12

]
Overfull \hbox (251.31688pt too wide) has occurred while \output is active
  [] [] [] [] [] [] [] 
 []


Overfull \hbox (148.77647pt too wide) has occurred while \output is active
[]   [] [] [] [] 
 []


Overfull \vbox (1.99998pt too high) has occurred while \output is active []


[13

]
Overfull \hbox (251.31688pt too wide) has occurred while \output is active
  [] [] [] [] [] [] [] 
 []


Overfull \hbox (148.77647pt too wide) has occurred while \output is active
[]   [] [] [] [] 
 []


Overfull \vbox (1.99998pt too high) has occurred while \output is active []


[14

]
Overfull \hbox (251.31688pt too wide) has occurred while \output is active
  [] [] [] [] [] [] [] 
 []


Overfull \hbox (148.77647pt too wide) has occurred while \output is active
[]   [] [] [] [] 
 []


Overfull \vbox (1.99998pt too high) has occurred while \output is active []


[15

])
(C:\Users\ssd830\Documents\YWEE\Presentations\Ausarbeitung_Tobias_Schwindl\chap
ters\4_Implementierung.tex
(C:\Users\ssd830\Documents\YWEE\Presentations\Ausarbeitung_Tobias_Schwindl\YWEE
-presentation.toc)
Overfull \hbox (251.31688pt too wide) has occurred while \output is active
  [] [] [] [] [] [] [] 
 []


Overfull \hbox (156.60568pt too wide) has occurred while \output is active
[]   [] [] [] [] [] 
 []


Overfull \vbox (1.99998pt too high) has occurred while \output is active []


[16



] <Nachrichten.png, id=616, 1356.06625pt x 1210.5225pt>
File: Nachrichten.png Graphic file (type png)

<use Nachrichten.png>
Package pdftex.def Info: Nachrichten.png used on input line 7.
(pdftex.def)             Requested size: 291.35739pt x 260.07256pt.

Overfull \vbox (80.11372pt too high) detected at line 7
 []


Overfull \hbox (251.31688pt too wide) has occurred while \output is active
  [] [] [] [] [] [] [] 
 []


Overfull \hbox (156.60568pt too wide) has occurred while \output is active
[]   [] [] [] [] [] 
 []


Overfull \vbox (1.99998pt too high) has occurred while \output is active []


[17

 <C:/Users/ssd830/Documents/YWEE/Presentations/Ausarbeitung_Tobias_Schwindl/Nac
hrichten.png>] <Nachrichten_admin.png, id=651, 1017.04968pt x 907.89188pt>
File: Nachrichten_admin.png Graphic file (type png)

<use Nachrichten_admin.png>
Package pdftex.def Info: Nachrichten_admin.png used on input line 13.
(pdftex.def)             Requested size: 291.35739pt x 260.08179pt.

Overfull \vbox (80.12296pt too high) detected at line 13
 []


Overfull \hbox (251.31688pt too wide) has occurred while \output is active
  [] [] [] [] [] [] [] 
 []


Overfull \hbox (156.60568pt too wide) has occurred while \output is active
[]   [] [] [] [] [] 
 []


Overfull \vbox (1.99998pt too high) has occurred while \output is active []


[18

 <C:/Users/ssd830/Documents/YWEE/Presentations/Ausarbeitung_Tobias_Schwindl/Nac
hrichten_admin.png>]
\@verb\makeset=\box84
 ("E:\MiKTeX 2.9\tex\latex\listings\lstlang1.sty"
File: lstlang1.sty 2004/09/05 1.3 listings language file
)
("E:\MiKTeX 2.9\tex\latex\listings\lstlang2.sty"
File: lstlang2.sty 2004/09/05 1.3 listings language file
)
("E:\MiKTeX 2.9\tex\latex\listings\lstlang1.sty"
File: lstlang1.sty 2004/09/05 1.3 listings language file
)
("E:\MiKTeX 2.9\tex\latex\listings\lstmisc.sty"
File: lstmisc.sty 2007/02/22 1.4 (Carsten Heinz)
)
Overfull \hbox (251.31688pt too wide) has occurred while \output is active
  [] [] [] [] [] [] [] 
 []


Overfull \hbox (156.60568pt too wide) has occurred while \output is active
[]   [] [] [] [] [] 
 []


Overfull \vbox (1.99998pt too high) has occurred while \output is active []


[19

]
\@verb\makeset=\box85

Overfull \hbox (251.31688pt too wide) has occurred while \output is active
  [] [] [] [] [] [] [] 
 []


Overfull \hbox (156.60568pt too wide) has occurred while \output is active
[]   [] [] [] [] [] 
 []


Overfull \vbox (1.99998pt too high) has occurred while \output is active []


[20

]
\@verb\makeset=\box86

Overfull \hbox (251.31688pt too wide) has occurred while \output is active
  [] [] [] [] [] [] [] 
 []


Overfull \hbox (156.60568pt too wide) has occurred while \output is active
[]   [] [] [] [] [] 
 []


Overfull \vbox (1.99998pt too high) has occurred while \output is active []


[21

]
Overfull \hbox (251.31688pt too wide) has occurred while \output is active
  [] [] [] [] [] [] [] 
 []


Overfull \hbox (156.60568pt too wide) has occurred while \output is active
[]   [] [] [] [] [] 
 []


Overfull \vbox (1.99998pt too high) has occurred while \output is active []


[22

])
\tf@nav=\write6
\tf@toc=\write7
\tf@snm=\write8
Package atveryend Info: Empty hook `BeforeClearDocument' on input line 96.
Package atveryend Info: Empty hook `AfterLastShipout' on input line 96.

(C:\Users\ssd830\Documents\YWEE\Presentations\Ausarbeitung_Tobias_Schwindl\YWEE
-presentation.aux
(C:\Users\ssd830\Documents\YWEE\Presentations\Ausarbeitung_Tobias_Schwindl\chap
ters\1_Einleitung.aux)
(C:\Users\ssd830\Documents\YWEE\Presentations\Ausarbeitung_Tobias_Schwindl\chap
ters\2_SRA.aux)
(C:\Users\ssd830\Documents\YWEE\Presentations\Ausarbeitung_Tobias_Schwindl\chap
ters\3_SAD.aux)
(C:\Users\ssd830\Documents\YWEE\Presentations\Ausarbeitung_Tobias_Schwindl\chap
ters\4_Implementierung.aux))
Package atveryend Info: Executing hook `AtVeryEndDocument' on input line 96.
Package atveryend Info: Executing hook `AtEndAfterFileList' on input line 96.
Package rerunfilecheck Info: File `YWEE-presentation.out' has not changed.
(rerunfilecheck)             Checksum: 7B0DE98AF00AF404710F66A161C9B45E;613.
Package atveryend Info: Empty hook `AtVeryVeryEnd' on input line 96.
 ) 
Here is how much of TeX's memory you used:
 21396 strings out of 493921
 381102 string characters out of 3152893
 1076037 words of memory out of 3000000
 24147 multiletter control sequences out of 15000+200000
 6517 words of font info for 24 fonts, out of 3000000 for 9000
 841 hyphenation exceptions out of 8191
 49i,20n,64p,422b,3034s stack positions out of 5000i,500n,10000p,200000b,50000s
<E:/MiKTeX 2.9/fonts/type1/public/amsfonts/cm/cmss10.pfb><E:/MiKTeX 2.9/fonts
/type1/public/amsfonts/cm/cmss12.pfb><E:/MiKTeX 2.9/fonts/type1/public/amsfonts
/cm/cmss17.pfb><E:/MiKTeX 2.9/fonts/type1/public/amsfonts/cm/cmss8.pfb><E:/MiKT
eX 2.9/fonts/type1/public/amsfonts/cm/cmssbx10.pfb><E:/MiKTeX 2.9/fonts/type1/p
ublic/amsfonts/cm/cmtt8.pfb>
Output written on YWEE-presentation.pdf (22 pages, 1385255 bytes).
PDF statistics:
 852 PDF objects out of 1000 (max. 8388607)
 57 named destinations out of 1000 (max. 500000)
 170 words of extra memory for PDF output out of 10000 (max. 10000000)

