\BOOKMARK [1][-]{section.1}{F: Funktionale Anforderungen}{}% 1
\BOOKMARK [2][-]{subsection.1.1}{F1: \326ffentlicher Bereich}{section.1}% 2
\BOOKMARK [2][-]{subsection.1.2}{F2: Administrator}{section.1}% 3
\BOOKMARK [2][-]{subsection.1.3}{F3: Sch\374ler}{section.1}% 4
\BOOKMARK [2][-]{subsection.1.4}{F4: Lehrer / Mentor}{section.1}% 5
\BOOKMARK [1][-]{section.2}{S: Systemanforderungen}{}% 6
\BOOKMARK [2][-]{subsection.2.1}{S1: Anforderungen an die Hardware}{section.2}% 7
\BOOKMARK [2][-]{subsection.2.2}{S2: Anforderungen an die Systemsoftware}{section.2}% 8
\BOOKMARK [2][-]{subsection.2.3}{S3: Programmiersprache}{section.2}% 9
\BOOKMARK [2][-]{subsection.2.4}{S4: Allgemeine Anforderungen an die Webseite}{section.2}% 10
\BOOKMARK [1][-]{section.3}{Q: Qualitative Anforderungen}{}% 11
\BOOKMARK [2][-]{subsection.3.1}{Q1: Nachweis der Funktionalit\344t}{section.3}% 12
\BOOKMARK [2][-]{subsection.3.2}{Q2: Gew\344hrleistung von Datenschutz und Datensicherheit}{section.3}% 13
\BOOKMARK [2][-]{subsection.3.3}{Q3: Benutzerfreundliche Oberfl\344che}{section.3}% 14
\BOOKMARK [2][-]{subsection.3.4}{Q4: Zuverl\344ssigkeit}{section.3}% 15
\BOOKMARK [2][-]{subsection.3.5}{Q5: Effizienz}{section.3}% 16
\BOOKMARK [2][-]{subsection.3.6}{Q6: Wartbarkeit}{section.3}% 17
\BOOKMARK [2][-]{subsection.3.7}{Q7: Portierbarkeit}{section.3}% 18
\BOOKMARK [1][-]{section.4}{P: Prozessbezogene Anwendungen}{}% 19
\BOOKMARK [2][-]{subsection.4.1}{P1: Budget}{section.4}% 20
\BOOKMARK [2][-]{subsection.4.2}{P2: Personal}{section.4}% 21
\BOOKMARK [1][-]{section.5}{Anhang}{}% 22
\BOOKMARK [2][-]{subsection.5.1}{Kontextdiagramm 1}{section.5}% 23
\BOOKMARK [2][-]{subsection.5.2}{Kontextdiagramm 2}{section.5}% 24
