\BOOKMARK [1][-]{section.1}{Sprachauswahl}{}% 1
\BOOKMARK [2][-]{subsection.1.1}{Startseite}{section.1}% 2
\BOOKMARK [2][-]{subsection.1.2}{Folgeseiten}{section.1}% 3
\BOOKMARK [1][-]{section.2}{An- und Abmelden}{}% 4
\BOOKMARK [2][-]{subsection.2.1}{Anmelden}{section.2}% 5
\BOOKMARK [2][-]{subsection.2.2}{Abmelden}{section.2}% 6
\BOOKMARK [1][-]{section.3}{Fehlerseite}{}% 7
\BOOKMARK [1][-]{section.4}{Nachrichten}{}% 8
\BOOKMARK [2][-]{subsection.4.1}{Nachrichtenseite}{section.4}% 9
\BOOKMARK [2][-]{subsection.4.2}{Als Admin}{section.4}% 10
\BOOKMARK [1][-]{section.5}{Profil}{}% 11
\BOOKMARK [2][-]{subsection.5.1}{Eigenes Profil}{section.5}% 12
\BOOKMARK [2][-]{subsection.5.2}{Anderes Profil}{section.5}% 13
\BOOKMARK [1][-]{section.6}{Impressum}{}% 14
\BOOKMARK [1][-]{section.7}{G\344stebuch}{}% 15
\BOOKMARK [2][-]{subsection.7.1}{G\344stebuch ausgeloggt}{section.7}% 16
\BOOKMARK [2][-]{subsection.7.2}{G\344stebuch eingeloggt}{section.7}% 17
\BOOKMARK [2][-]{subsection.7.3}{Top-G\344stebuch}{section.7}% 18
\BOOKMARK [1][-]{section.8}{Suchfunktion}{}% 19
\BOOKMARK [2][-]{subsection.8.1}{Autovervollst\344ndigung}{section.8}% 20
\BOOKMARK [2][-]{subsection.8.2}{Suche nach F\344chern}{section.8}% 21
\BOOKMARK [2][-]{subsection.8.3}{Suche nach Wohnorten}{section.8}% 22
\BOOKMARK [1][-]{section.9}{Karte}{}% 23
\BOOKMARK [2][-]{subsection.9.1}{Standardkarte}{section.9}% 24
\BOOKMARK [2][-]{subsection.9.2}{Berechnete Route}{section.9}% 25
\BOOKMARK [1][-]{section.10}{Video}{}% 26
\BOOKMARK [1][-]{section.11}{Slideshow}{}% 27
\BOOKMARK [1][-]{section.12}{Spenden}{}% 28
\BOOKMARK [2][-]{subsection.12.1}{Spenden-Englisch}{section.12}% 29
\BOOKMARK [2][-]{subsection.12.2}{Spenden-Deutsch}{section.12}% 30
\BOOKMARK [1][-]{section.13}{Registrierung}{}% 31
\BOOKMARK [2][-]{subsection.13.1}{Registrierung-Englisch}{section.13}% 32
\BOOKMARK [2][-]{subsection.13.2}{Registrierung-Deutsch}{section.13}% 33
